
ROM used: 454 (1%)
          454 (1%) including unused fragments

          0 Average locations per line
          1 Average locations per statement

RAM used: 136 (7%) at main() level
          138 (7%) worst case

Stack used: 2 worst case (out of 31 total available)

Lines Stmts  %   Files
----- ----- ---  -----
   40    12   2  main.c
   27     0   0  main.h
  424     0   0  ..\..\..\..\Program Files (x86)\PICC\devices\30F4013.h
   37     0   0  ..\..\..\..\Program Files (x86)\PICC\drivers\stdio.h
  409     0   0  ..\..\..\..\Program Files (x86)\PICC\drivers\string.h
   28     0   0  ..\..\..\..\Program Files (x86)\PICC\drivers\stddef.h
   28     0   0  ..\..\..\..\Program Files (x86)\PICC\drivers\ctype.h
 1273   478  98  ..\..\..\..\Program Files (x86)\PICC\drivers\stdlib.h
----- -----
 2266   490 Total

Page ROM  %  RAM   Vol Diff  Functions:
---- --- --- ---   --- ----  ----------
0     14   2   0             @GETCH_BIU_1
0     14   2   0             @GETCH_BIU_2
0     22   2   0    94  2.7  pctoxbee
0     22   2   2    54  2.1  xbeetopc
0     82   9   0    90  1.8  MAIN
0     44   5   0    72  2.7  @const360

Program metrics:
    Functions               4
    Statements              490
    Comments                695
    Volume (V)              470
    Difficilty (D)          8.8
    Effort to implement (E) 4139
    Time to implement (T)   4 minutes
    Est Delivered Bugs (B)  0
    Cyclomatic Complexity   3
    Maintainability (MI)    118

 Segment     Used  Free
-----------  ----  ----
00000-00002     4  0  
00004-000FE   252  0  
00100-07FFE   198  32314  



